PID, device: 2785458 cuda
Total records: 12000
Dataset n_samples: 12000 7200 2400 2400
Test record ids (first 20): ['141035', '147605', '135375', '161896', '139505', '162915', '146059', '161471', '137723', '146625', '137197', '133811', '142577', '138349', '145848', '156467', '139420', '145445', '141972', '132617']
Test record ids (last 20): ['151541', '135141', '148664', '151895', '137025', '143410', '132799', '160417', '143342', '157915', '143290', '141428', '147807', '145320', '146007', '136354', '153098', '148397', '138869', '145810']
data_max: tensor([9.0000e+01, 1.0000e+00, 4.6230e+02, 4.0000e+00, 3.0000e+02, 5.3000e+00,
        4.6950e+03, 1.6920e+04, 2.3950e+04, 6.2100e+01, 2.0900e+02, 3.6000e+02,
        2.2000e+01, 2.8300e+02, 1.0000e+00, 1.5000e+01, 1.5910e+03, 5.2000e+01,
        6.1800e+01, 3.0000e+02, 1.9600e+01, 3.1000e+01, 3.7500e+01, 3.0000e+02,
        1.0000e+00, 1.8000e+02, 2.1100e+02, 2.2800e+02, 3.0000e+02, 1.0000e+02,
        5.0000e+02, 7.3300e+02, 2.2920e+03, 1.0000e+02, 1.0000e+02, 2.9500e+02,
        4.2200e+01, 4.9600e+01, 2.9910e+01, 1.1000e+04, 6.2519e+03],
       device='cuda:0')
data_min: tensor([ 1.5000e+01, -1.0000e+00, -1.0000e+00,  1.0000e+00, -1.0000e+00,
         1.0000e+00,  8.0000e+00,  1.0000e+00,  4.0000e+00,  0.0000e+00,
         0.0000e+00,  2.8000e+01,  1.0000e-01, -1.0000e+00,  2.1000e-01,
         3.0000e+00,  8.0000e+00,  5.0000e+00,  5.5000e+00,  0.0000e+00,
         1.5000e+00,  3.0000e-01,  6.0000e-01,  0.0000e+00,  1.0000e+00,
         9.9000e+01, -1.0000e+00,  0.0000e+00,  0.0000e+00,  0.0000e+00,
         0.0000e+00,  0.0000e+00,  5.0000e+00,  0.0000e+00,  0.0000e+00,
         0.0000e+00, -1.7800e+01,  1.0000e-01,  1.0000e-02,  0.0000e+00,
         1.0000e-01], device='cuda:0')
time_max: tensor(48., device='cuda:0')
n_train_batches: 225
Exp has been early stopped!
PID, device: 2787083 cuda
Total records: 12000
Dataset n_samples: 12000 7200 2400 2400
Test record ids (first 20): ['141035', '147605', '135375', '161896', '139505', '162915', '146059', '161471', '137723', '146625', '137197', '133811', '142577', '138349', '145848', '156467', '139420', '145445', '141972', '132617']
Test record ids (last 20): ['151541', '135141', '148664', '151895', '137025', '143410', '132799', '160417', '143342', '157915', '143290', '141428', '147807', '145320', '146007', '136354', '153098', '148397', '138869', '145810']
data_max: tensor([9.0000e+01, 1.0000e+00, 4.6230e+02, 4.0000e+00, 3.0000e+02, 5.3000e+00,
        4.6950e+03, 1.6920e+04, 2.3950e+04, 6.2100e+01, 2.0900e+02, 3.6000e+02,
        2.2000e+01, 2.8300e+02, 1.0000e+00, 1.5000e+01, 1.5910e+03, 5.2000e+01,
        6.1800e+01, 3.0000e+02, 1.9600e+01, 3.1000e+01, 3.7500e+01, 3.0000e+02,
        1.0000e+00, 1.8000e+02, 2.1100e+02, 2.2800e+02, 3.0000e+02, 1.0000e+02,
        5.0000e+02, 7.3300e+02, 2.2920e+03, 1.0000e+02, 1.0000e+02, 2.9500e+02,
        4.2200e+01, 4.9600e+01, 2.9910e+01, 1.1000e+04, 6.2519e+03],
       device='cuda:0')
data_min: tensor([ 1.5000e+01, -1.0000e+00, -1.0000e+00,  1.0000e+00, -1.0000e+00,
         1.0000e+00,  8.0000e+00,  1.0000e+00,  4.0000e+00,  0.0000e+00,
         0.0000e+00,  2.8000e+01,  1.0000e-01, -1.0000e+00,  2.1000e-01,
         3.0000e+00,  8.0000e+00,  5.0000e+00,  5.5000e+00,  0.0000e+00,
         1.5000e+00,  3.0000e-01,  6.0000e-01,  0.0000e+00,  1.0000e+00,
         9.9000e+01, -1.0000e+00,  0.0000e+00,  0.0000e+00,  0.0000e+00,
         0.0000e+00,  0.0000e+00,  5.0000e+00,  0.0000e+00,  0.0000e+00,
         0.0000e+00, -1.7800e+01,  1.0000e-01,  1.0000e-02,  0.0000e+00,
         1.0000e-01], device='cuda:0')
time_max: tensor(48., device='cuda:0')
n_train_batches: 225
Exp has been early stopped!
PID, device: 2788152 cuda
Total records: 12000
Dataset n_samples: 12000 7200 2400 2400
Test record ids (first 20): ['141035', '147605', '135375', '161896', '139505', '162915', '146059', '161471', '137723', '146625', '137197', '133811', '142577', '138349', '145848', '156467', '139420', '145445', '141972', '132617']
Test record ids (last 20): ['151541', '135141', '148664', '151895', '137025', '143410', '132799', '160417', '143342', '157915', '143290', '141428', '147807', '145320', '146007', '136354', '153098', '148397', '138869', '145810']
data_max: tensor([9.0000e+01, 1.0000e+00, 4.6230e+02, 4.0000e+00, 3.0000e+02, 5.3000e+00,
        4.6950e+03, 1.6920e+04, 2.3950e+04, 6.2100e+01, 2.0900e+02, 3.6000e+02,
        2.2000e+01, 2.8300e+02, 1.0000e+00, 1.5000e+01, 1.5910e+03, 5.2000e+01,
        6.1800e+01, 3.0000e+02, 1.9600e+01, 3.1000e+01, 3.7500e+01, 3.0000e+02,
        1.0000e+00, 1.8000e+02, 2.1100e+02, 2.2800e+02, 3.0000e+02, 1.0000e+02,
        5.0000e+02, 7.3300e+02, 2.2920e+03, 1.0000e+02, 1.0000e+02, 2.9500e+02,
        4.2200e+01, 4.9600e+01, 2.9910e+01, 1.1000e+04, 6.2519e+03],
       device='cuda:0')
data_min: tensor([ 1.5000e+01, -1.0000e+00, -1.0000e+00,  1.0000e+00, -1.0000e+00,
         1.0000e+00,  8.0000e+00,  1.0000e+00,  4.0000e+00,  0.0000e+00,
         0.0000e+00,  2.8000e+01,  1.0000e-01, -1.0000e+00,  2.1000e-01,
         3.0000e+00,  8.0000e+00,  5.0000e+00,  5.5000e+00,  0.0000e+00,
         1.5000e+00,  3.0000e-01,  6.0000e-01,  0.0000e+00,  1.0000e+00,
         9.9000e+01, -1.0000e+00,  0.0000e+00,  0.0000e+00,  0.0000e+00,
         0.0000e+00,  0.0000e+00,  5.0000e+00,  0.0000e+00,  0.0000e+00,
         0.0000e+00, -1.7800e+01,  1.0000e-01,  1.0000e-02,  0.0000e+00,
         1.0000e-01], device='cuda:0')
time_max: tensor(48., device='cuda:0')
n_train_batches: 225
Exp has been early stopped!
PID, device: 2789335 cuda
Total records: 12000
Dataset n_samples: 12000 7200 2400 2400
Test record ids (first 20): ['141035', '147605', '135375', '161896', '139505', '162915', '146059', '161471', '137723', '146625', '137197', '133811', '142577', '138349', '145848', '156467', '139420', '145445', '141972', '132617']
Test record ids (last 20): ['151541', '135141', '148664', '151895', '137025', '143410', '132799', '160417', '143342', '157915', '143290', '141428', '147807', '145320', '146007', '136354', '153098', '148397', '138869', '145810']
data_max: tensor([9.0000e+01, 1.0000e+00, 4.6230e+02, 4.0000e+00, 3.0000e+02, 5.3000e+00,
        4.6950e+03, 1.6920e+04, 2.3950e+04, 6.2100e+01, 2.0900e+02, 3.6000e+02,
        2.2000e+01, 2.8300e+02, 1.0000e+00, 1.5000e+01, 1.5910e+03, 5.2000e+01,
        6.1800e+01, 3.0000e+02, 1.9600e+01, 3.1000e+01, 3.7500e+01, 3.0000e+02,
        1.0000e+00, 1.8000e+02, 2.1100e+02, 2.2800e+02, 3.0000e+02, 1.0000e+02,
        5.0000e+02, 7.3300e+02, 2.2920e+03, 1.0000e+02, 1.0000e+02, 2.9500e+02,
        4.2200e+01, 4.9600e+01, 2.9910e+01, 1.1000e+04, 6.2519e+03],
       device='cuda:0')
data_min: tensor([ 1.5000e+01, -1.0000e+00, -1.0000e+00,  1.0000e+00, -1.0000e+00,
         1.0000e+00,  8.0000e+00,  1.0000e+00,  4.0000e+00,  0.0000e+00,
         0.0000e+00,  2.8000e+01,  1.0000e-01, -1.0000e+00,  2.1000e-01,
         3.0000e+00,  8.0000e+00,  5.0000e+00,  5.5000e+00,  0.0000e+00,
         1.5000e+00,  3.0000e-01,  6.0000e-01,  0.0000e+00,  1.0000e+00,
         9.9000e+01, -1.0000e+00,  0.0000e+00,  0.0000e+00,  0.0000e+00,
         0.0000e+00,  0.0000e+00,  5.0000e+00,  0.0000e+00,  0.0000e+00,
         0.0000e+00, -1.7800e+01,  1.0000e-01,  1.0000e-02,  0.0000e+00,
         1.0000e-01], device='cuda:0')
time_max: tensor(48., device='cuda:0')
n_train_batches: 225
Exp has been early stopped!
PID, device: 2789959 cuda
Total records: 12000
Dataset n_samples: 12000 7200 2400 2400
Test record ids (first 20): ['141035', '147605', '135375', '161896', '139505', '162915', '146059', '161471', '137723', '146625', '137197', '133811', '142577', '138349', '145848', '156467', '139420', '145445', '141972', '132617']
Test record ids (last 20): ['151541', '135141', '148664', '151895', '137025', '143410', '132799', '160417', '143342', '157915', '143290', '141428', '147807', '145320', '146007', '136354', '153098', '148397', '138869', '145810']
data_max: tensor([9.0000e+01, 1.0000e+00, 4.6230e+02, 4.0000e+00, 3.0000e+02, 5.3000e+00,
        4.6950e+03, 1.6920e+04, 2.3950e+04, 6.2100e+01, 2.0900e+02, 3.6000e+02,
        2.2000e+01, 2.8300e+02, 1.0000e+00, 1.5000e+01, 1.5910e+03, 5.2000e+01,
        6.1800e+01, 3.0000e+02, 1.9600e+01, 3.1000e+01, 3.7500e+01, 3.0000e+02,
        1.0000e+00, 1.8000e+02, 2.1100e+02, 2.2800e+02, 3.0000e+02, 1.0000e+02,
        5.0000e+02, 7.3300e+02, 2.2920e+03, 1.0000e+02, 1.0000e+02, 2.9500e+02,
        4.2200e+01, 4.9600e+01, 2.9910e+01, 1.1000e+04, 6.2519e+03],
       device='cuda:0')
data_min: tensor([ 1.5000e+01, -1.0000e+00, -1.0000e+00,  1.0000e+00, -1.0000e+00,
         1.0000e+00,  8.0000e+00,  1.0000e+00,  4.0000e+00,  0.0000e+00,
         0.0000e+00,  2.8000e+01,  1.0000e-01, -1.0000e+00,  2.1000e-01,
         3.0000e+00,  8.0000e+00,  5.0000e+00,  5.5000e+00,  0.0000e+00,
         1.5000e+00,  3.0000e-01,  6.0000e-01,  0.0000e+00,  1.0000e+00,
         9.9000e+01, -1.0000e+00,  0.0000e+00,  0.0000e+00,  0.0000e+00,
         0.0000e+00,  0.0000e+00,  5.0000e+00,  0.0000e+00,  0.0000e+00,
         0.0000e+00, -1.7800e+01,  1.0000e-01,  1.0000e-02,  0.0000e+00,
         1.0000e-01], device='cuda:0')
time_max: tensor(48., device='cuda:0')
n_train_batches: 225
Exp has been early stopped!
PID, device: 2790720 cuda
Total records: 12000
Dataset n_samples: 12000 7200 2400 2400
Test record ids (first 20): ['141035', '147605', '135375', '161896', '139505', '162915', '146059', '161471', '137723', '146625', '137197', '133811', '142577', '138349', '145848', '156467', '139420', '145445', '141972', '132617']
Test record ids (last 20): ['151541', '135141', '148664', '151895', '137025', '143410', '132799', '160417', '143342', '157915', '143290', '141428', '147807', '145320', '146007', '136354', '153098', '148397', '138869', '145810']
data_max: tensor([9.0000e+01, 1.0000e+00, 4.6230e+02, 4.0000e+00, 3.0000e+02, 5.3000e+00,
        4.6950e+03, 1.6920e+04, 2.3950e+04, 6.2100e+01, 2.0900e+02, 3.6000e+02,
        2.2000e+01, 2.8300e+02, 1.0000e+00, 1.5000e+01, 1.5910e+03, 5.2000e+01,
        6.1800e+01, 3.0000e+02, 1.9600e+01, 3.1000e+01, 3.7500e+01, 3.0000e+02,
        1.0000e+00, 1.8000e+02, 2.1100e+02, 2.2800e+02, 3.0000e+02, 1.0000e+02,
        5.0000e+02, 7.3300e+02, 2.2920e+03, 1.0000e+02, 1.0000e+02, 2.9500e+02,
        4.2200e+01, 4.9600e+01, 2.9910e+01, 1.1000e+04, 6.2519e+03],
       device='cuda:0')
data_min: tensor([ 1.5000e+01, -1.0000e+00, -1.0000e+00,  1.0000e+00, -1.0000e+00,
         1.0000e+00,  8.0000e+00,  1.0000e+00,  4.0000e+00,  0.0000e+00,
         0.0000e+00,  2.8000e+01,  1.0000e-01, -1.0000e+00,  2.1000e-01,
         3.0000e+00,  8.0000e+00,  5.0000e+00,  5.5000e+00,  0.0000e+00,
         1.5000e+00,  3.0000e-01,  6.0000e-01,  0.0000e+00,  1.0000e+00,
         9.9000e+01, -1.0000e+00,  0.0000e+00,  0.0000e+00,  0.0000e+00,
         0.0000e+00,  0.0000e+00,  5.0000e+00,  0.0000e+00,  0.0000e+00,
         0.0000e+00, -1.7800e+01,  1.0000e-01,  1.0000e-02,  0.0000e+00,
         1.0000e-01], device='cuda:0')
time_max: tensor(48., device='cuda:0')
n_train_batches: 225
Exp has been early stopped!
